<?xml version="1.0" encoding="UTF-8"?>
<!-- Generated by org.testng.reporters.JUnitReportReporter -->
<testsuite hostname="AMIT-PC" failures="0" tests="1" name="com.crm.vtigermaven.SDET36test.Name_test" time="0.010" errors="0" timestamp="2022-07-18T11:22:10 IST" skipped="0">
  <testcase classname="com.crm.vtigermaven.SDET36test.Name_test" name="name3" time="0.010"/>
  <system-out/>
</testsuite> <!-- com.crm.vtigermaven.SDET36test.Name_test -->
